  searchengine.cpp
E:\T480\UCP\UCP 4th Semester\Data Structure and Algorithms SECP P7\Assignments\Sem 4 project\searchengine\searchengine\searchengine.cpp(288,21): warning C4018: '<': signed/unsigned mismatch
E:\T480\UCP\UCP 4th Semester\Data Structure and Algorithms SECP P7\Assignments\Sem 4 project\searchengine\searchengine\searchengine.cpp(526,20): warning C4018: '<': signed/unsigned mismatch
E:\T480\UCP\UCP 4th Semester\Data Structure and Algorithms SECP P7\Assignments\Sem 4 project\searchengine\searchengine\searchengine.cpp(575,29): warning C4244: '=': conversion from 'int' to 'float', possible loss of data
E:\T480\UCP\UCP 4th Semester\Data Structure and Algorithms SECP P7\Assignments\Sem 4 project\searchengine\searchengine\searchengine.cpp(577,12): warning C4244: '=': conversion from 'double' to 'float', possible loss of data
E:\T480\UCP\UCP 4th Semester\Data Structure and Algorithms SECP P7\Assignments\Sem 4 project\searchengine\searchengine\searchengine.cpp(578,29): warning C4244: '=': conversion from 'int' to 'float', possible loss of data
E:\T480\UCP\UCP 4th Semester\Data Structure and Algorithms SECP P7\Assignments\Sem 4 project\searchengine\searchengine\searchengine.cpp(581,12): warning C4244: '=': conversion from 'double' to 'float', possible loss of data
E:\T480\UCP\UCP 4th Semester\Data Structure and Algorithms SECP P7\Assignments\Sem 4 project\searchengine\searchengine\searchengine.cpp(612,30): warning C4244: '=': conversion from 'int' to 'float', possible loss of data
E:\T480\UCP\UCP 4th Semester\Data Structure and Algorithms SECP P7\Assignments\Sem 4 project\searchengine\searchengine\searchengine.cpp(614,13): warning C4244: '=': conversion from 'double' to 'float', possible loss of data
E:\T480\UCP\UCP 4th Semester\Data Structure and Algorithms SECP P7\Assignments\Sem 4 project\searchengine\searchengine\searchengine.cpp(615,30): warning C4244: '=': conversion from 'int' to 'float', possible loss of data
E:\T480\UCP\UCP 4th Semester\Data Structure and Algorithms SECP P7\Assignments\Sem 4 project\searchengine\searchengine\searchengine.cpp(618,13): warning C4244: '=': conversion from 'double' to 'float', possible loss of data
E:\T480\UCP\UCP 4th Semester\Data Structure and Algorithms SECP P7\Assignments\Sem 4 project\searchengine\searchengine\searchengine.cpp(650,28): warning C4244: '=': conversion from 'int' to 'float', possible loss of data
E:\T480\UCP\UCP 4th Semester\Data Structure and Algorithms SECP P7\Assignments\Sem 4 project\searchengine\searchengine\searchengine.cpp(652,11): warning C4244: '=': conversion from 'double' to 'float', possible loss of data
E:\T480\UCP\UCP 4th Semester\Data Structure and Algorithms SECP P7\Assignments\Sem 4 project\searchengine\searchengine\searchengine.cpp(653,28): warning C4244: '=': conversion from 'int' to 'float', possible loss of data
E:\T480\UCP\UCP 4th Semester\Data Structure and Algorithms SECP P7\Assignments\Sem 4 project\searchengine\searchengine\searchengine.cpp(656,11): warning C4244: '=': conversion from 'double' to 'float', possible loss of data
E:\T480\UCP\UCP 4th Semester\Data Structure and Algorithms SECP P7\Assignments\Sem 4 project\searchengine\searchengine\searchengine.cpp(659,11): warning C4244: '=': conversion from 'double' to 'float', possible loss of data
E:\T480\UCP\UCP 4th Semester\Data Structure and Algorithms SECP P7\Assignments\Sem 4 project\searchengine\searchengine\searchengine.cpp(700,30): warning C4244: '=': conversion from 'int' to 'float', possible loss of data
E:\T480\UCP\UCP 4th Semester\Data Structure and Algorithms SECP P7\Assignments\Sem 4 project\searchengine\searchengine\searchengine.cpp(702,13): warning C4244: '=': conversion from 'double' to 'float', possible loss of data
E:\T480\UCP\UCP 4th Semester\Data Structure and Algorithms SECP P7\Assignments\Sem 4 project\searchengine\searchengine\searchengine.cpp(703,30): warning C4244: '=': conversion from 'int' to 'float', possible loss of data
E:\T480\UCP\UCP 4th Semester\Data Structure and Algorithms SECP P7\Assignments\Sem 4 project\searchengine\searchengine\searchengine.cpp(706,13): warning C4244: '=': conversion from 'double' to 'float', possible loss of data
E:\T480\UCP\UCP 4th Semester\Data Structure and Algorithms SECP P7\Assignments\Sem 4 project\searchengine\searchengine\searchengine.cpp(709,13): warning C4244: '=': conversion from 'double' to 'float', possible loss of data
  searchengine.vcxproj -> E:\T480\UCP\UCP 4th Semester\Data Structure and Algorithms SECP P7\Assignments\Sem 4 project\searchengine\Debug\searchengine.exe
